#
# A fatal error has been detected by the Java Runtime Environment:
#
#  EXCEPTION_INT_DIVIDE_BY_ZERO (0xc0000094) at pc=0x00007ff9afe415dd, pid=6668, tid=0x0000000000005dec
#
# JRE version: Java(TM) SE Runtime Environment (8.0_231-b11) (build 1.8.0_231-b11)
# Java VM: Java HotSpot(TM) 64-Bit Server VM (25.231-b11 mixed mode windows-amd64 compressed oops)
# Problematic frame:
# C  [libmath.dll+0x15dd]
#
# Failed to write core dump. Minidumps are not enabled by default on client versions of Windows
#
# If you would like to submit a bug report, please visit:
#   http://bugreport.java.com/bugreport/crash.jsp
# The crash happened outside the Java Virtual Machine in native code.
# See problematic frame for where to report the bug.
#

---------------  T H R E A D  ---------------

Current thread (0x0000000003783000):  JavaThread "main" [_thread_in_native, id=24044, stack(0x0000000003490000,0x0000000003590000)]

siginfo: ExceptionCode=0xc0000094

Registers:
RAX=0x0000000000000001, RBX=0x000000001cbd3420, RCX=0x0000000000000300, RDX=0x0000000000000000
RSP=0x000000000358efd0, RBP=0x000000000358f000, RSI=0x0000000000000002, RDI=0x000000000388835d
R8 =0x0000000054f8a07f, R9 =0x0000000055200000, R10=0x0000000000000000, R11=0x000000000358efb0
R12=0x0000000000000000, R13=0x000000001cbd3418, R14=0x000000000358f0b8, R15=0x0000000003783000
RIP=0x00007ff9afe415dd, EFLAGS=0x0000000000010246

Top of Stack: (sp=0x000000000358efd0)
0x000000000358efd0:   000000001cbd3420 000000000358f000
0x000000000358efe0:   0000000000000002 000000000358f000
0x000000000358eff0:   000000001cbd3420 000000001d1b9c90
0x000000000358f000:   000000000358f088 0000000003898c67
0x000000000358f010:   00000000037831f8 000000000358f0b8
0x000000000358f020:   0000000000000001 0000000000000000
0x000000000358f030:   0000000000000002 0000000003783000
0x000000000358f040:   0000000003898962 000000000358f048
0x000000000358f050:   000000001cbd3418 000000000358f0b8
0x000000000358f060:   000000001cbd3488 0000000000000000
0x000000000358f070:   000000001cbd3420 0000000000000000
0x000000000358f080:   000000000358f0a8 000000000358f108
0x000000000358f090:   0000000003887da0 0000000000000000
0x000000000358f0a0:   00000000038921d6 0000000000000000
0x000000000358f0b0:   0000000000000001 000000076bff9c80
0x000000000358f0c0:   000000076bc5cae0 000000000358f0c8 

Instructions: (pc=0x00007ff9afe415dd)
0x00007ff9afe415bd:   48 8b 00 4c 8b 48 70 48 8b 45 f8 4c 8d 05 84 7a
0x00007ff9afe415cd:   00 00 48 89 c2 48 8b 4d 10 41 ff d1 8b 45 20 99
0x00007ff9afe415dd:   f7 7d 28 48 83 c4 30 5d c3 90 90 90 90 90 90 90
0x00007ff9afe415ed:   90 90 90 ff 25 a6 cb 00 00 90 90 0f 1f 84 00 00 


Register to memory mapping:

RAX=0x0000000000000001 is an unknown value
RBX={method} {0x000000001cbd3428} 'div' '(II)I' in 'com/cx/jni/Math'
RCX=0x0000000000000300 is an unknown value
RDX=0x0000000000000000 is an unknown value
RSP=0x000000000358efd0 is pointing into the stack for thread: 0x0000000003783000
RBP=0x000000000358f000 is pointing into the stack for thread: 0x0000000003783000
RSI=0x0000000000000002 is an unknown value
RDI=0x000000000388835d is at code_begin+2301 in an Interpreter codelet
invoke return entry points  [0x0000000003887a60, 0x0000000003888440]  2528 bytes
R8 =0x0000000054f8a07f is an unknown value
R9 =0x0000000055200000 is an unknown value
R10=0x0000000000000000 is an unknown value
R11=0x000000000358efb0 is pointing into the stack for thread: 0x0000000003783000
R12=0x0000000000000000 is an unknown value
R13=0x000000001cbd3418 is pointing into metadata
R14=0x000000000358f0b8 is pointing into the stack for thread: 0x0000000003783000
R15=0x0000000003783000 is a thread


Stack: [0x0000000003490000,0x0000000003590000],  sp=0x000000000358efd0,  free space=1019k
Native frames: (J=compiled Java code, j=interpreted, Vv=VM code, C=native code)
C  [libmath.dll+0x15dd]
C  0x0000000003898c67

Java frames: (J=compiled Java code, j=interpreted, Vv=VM code)
j  com.cx.jni.Math.div(II)I+0
j  com.cx.jni.Test.main([Ljava/lang/String;)V+26
v  ~StubRoutines::call_stub

---------------  P R O C E S S  ---------------

Java Threads: ( => current thread )
  0x000000001f179000 JavaThread "Service Thread" daemon [_thread_blocked, id=21212, stack(0x000000001fc90000,0x000000001fd90000)]
  0x000000001f0c9000 JavaThread "C1 CompilerThread3" daemon [_thread_blocked, id=16268, stack(0x000000001fb90000,0x000000001fc90000)]
  0x000000001f0ba000 JavaThread "C2 CompilerThread2" daemon [_thread_blocked, id=12544, stack(0x000000001fa90000,0x000000001fb90000)]
  0x000000001f0b6000 JavaThread "C2 CompilerThread1" daemon [_thread_blocked, id=10724, stack(0x000000001f990000,0x000000001fa90000)]
  0x000000001f0b5000 JavaThread "C2 CompilerThread0" daemon [_thread_blocked, id=17752, stack(0x000000001f890000,0x000000001f990000)]
  0x000000001f0b3800 JavaThread "Monitor Ctrl-Break" daemon [_thread_in_native, id=22164, stack(0x000000001f790000,0x000000001f890000)]
  0x000000001efc6000 JavaThread "Attach Listener" daemon [_thread_blocked, id=21588, stack(0x000000001f690000,0x000000001f790000)]
  0x000000001f023000 JavaThread "Signal Dispatcher" daemon [_thread_blocked, id=15652, stack(0x000000001f590000,0x000000001f690000)]
  0x000000001efb1000 JavaThread "Finalizer" daemon [_thread_blocked, id=24280, stack(0x000000001f490000,0x000000001f590000)]
  0x000000001d1bd800 JavaThread "Reference Handler" daemon [_thread_blocked, id=22872, stack(0x000000001f390000,0x000000001f490000)]
=>0x0000000003783000 JavaThread "main" [_thread_in_native, id=24044, stack(0x0000000003490000,0x0000000003590000)]

Other Threads:
  0x000000001d1b8000 VMThread [stack: 0x000000001ee90000,0x000000001ef90000] [id=13672]
  0x000000001f1b6800 WatcherThread [stack: 0x000000001fd90000,0x000000001fe90000] [id=7432]

VM state:not at safepoint (normal execution)

VM Mutex/Monitor currently owned by a thread: None

heap address: 0x00000006c3400000, size: 4044 MB, Compressed Oops mode: Zero based, Oop shift amount: 3
Narrow klass base: 0x0000000000000000, Narrow klass shift: 3
Compressed class space size: 1073741824 Address: 0x00000007c0000000

Heap:
 PSYoungGen      total 75776K, used 5201K [0x000000076bc00000, 0x0000000771080000, 0x00000007c0000000)
  eden space 65024K, 8% used [0x000000076bc00000,0x000000076c1147f8,0x000000076fb80000)
  from space 10752K, 0% used [0x0000000770600000,0x0000000770600000,0x0000000771080000)
  to   space 10752K, 0% used [0x000000076fb80000,0x000000076fb80000,0x0000000770600000)
 ParOldGen       total 173568K, used 0K [0x00000006c3400000, 0x00000006cdd80000, 0x000000076bc00000)
  object space 173568K, 0% used [0x00000006c3400000,0x00000006c3400000,0x00000006cdd80000)
 Metaspace       used 3331K, capacity 4500K, committed 4864K, reserved 1056768K
  class space    used 361K, capacity 388K, committed 512K, reserved 1048576K

Card table byte_map: [0x0000000012c40000,0x0000000013430000] byte_map_base: 0x000000000f626000

Marking Bits: (ParMarkBitMap*) 0x0000000055176d90
 Begin Bits: [0x0000000014180000, 0x00000000180b0000)
 End Bits:   [0x00000000180b0000, 0x000000001bfe0000)

Polling page: 0x0000000001460000

CodeCache: size=245760Kb used=1138Kb max_used=1144Kb free=244621Kb
 bounds [0x0000000003880000, 0x0000000003af0000, 0x0000000012880000]
 total_blobs=295 nmethods=37 adapters=172
 compilation: enabled

Compilation events (10 events):
Event: 0.120 Thread 0x000000001f0c9000 nmethod 31 0x0000000003999bd0 code [0x0000000003999d20, 0x0000000003999e70]
Event: 0.121 Thread 0x000000001f0ba000 nmethod 27 0x000000000399cd90 code [0x000000000399cee0, 0x000000000399d1c8]
Event: 0.122 Thread 0x000000001f0c9000   32       3       java.util.concurrent.ConcurrentHashMap::tabAt (21 bytes)
Event: 0.122 Thread 0x000000001f0c9000 nmethod 32 0x000000000399c5d0 code [0x000000000399c720, 0x000000000399c950]
Event: 0.122 Thread 0x000000001f0c9000   34       3       java.lang.StringBuilder::append (8 bytes)
Event: 0.122 Thread 0x000000001f0c9000 nmethod 34 0x000000000399c050 code [0x000000000399c1c0, 0x000000000399c348]
Event: 0.127 Thread 0x000000001f0b6000   36       4       sun.nio.cs.ext.DoubleByte$Encoder::encodeChar (21 bytes)
Event: 0.127 Thread 0x000000001f0b6000 nmethod 36 0x000000000399a450 code [0x000000000399a5a0, 0x000000000399a698]
Event: 0.128 Thread 0x000000001f0c9000   37       3       sun.nio.cs.UTF_8$Encoder::encode (359 bytes)
Event: 0.129 Thread 0x000000001f0c9000 nmethod 37 0x000000000399a910 code [0x000000000399ab00, 0x000000000399b618]

GC Heap History (0 events):
No events

Deoptimization events (0 events):
No events

Classes redefined (0 events):
No events

Internal exceptions (3 events):
Event: 0.032 Thread 0x0000000003783000 Exception <a 'java/lang/NoSuchMethodError': Method sun.misc.Unsafe.defineClass(Ljava/lang/String;[BII)Ljava/lang/Class; name or signature does not match> (0x000000076bc07cb8) thrown at [C:\re\workspace\8-2-build-windows-amd64-cygwin\jdk8u231\13620\hotspot
Event: 0.032 Thread 0x0000000003783000 Exception <a 'java/lang/NoSuchMethodError': Method sun.misc.Unsafe.prefetchRead(Ljava/lang/Object;J)V name or signature does not match> (0x000000076bc07fa0) thrown at [C:\re\workspace\8-2-build-windows-amd64-cygwin\jdk8u231\13620\hotspot\src\share\vm\prim
Event: 0.129 Thread 0x0000000003783000 Exception <a 'java/lang/IllegalArgumentException': ゆ颁戒负> (0x000000076bff9fa8) thrown at [C:\re\workspace\8-2-build-windows-amd64-cygwin\jdk8u231\13620\hotspot\src\share\vm\prims\jni.cpp, line 736]

Events (10 events):
Event: 0.122 loading class sun/nio/cs/US_ASCII$Decoder done
Event: 0.122 loading class sun/nio/fs/Util done
Event: 0.122 loading class sun/nio/fs/WindowsPath
Event: 0.123 loading class sun/nio/fs/AbstractPath
Event: 0.123 loading class sun/nio/fs/AbstractPath done
Event: 0.123 loading class sun/nio/fs/WindowsPath done
Event: 0.123 loading class sun/nio/fs/WindowsPath$1
Event: 0.123 loading class sun/nio/fs/WindowsPath$1 done
Event: 0.128 loading class com/cx/jni/Math
Event: 0.128 loading class com/cx/jni/Math done


Dynamic libraries:
0x00007ff79ba20000 - 0x00007ff79ba57000 	D:\software\jdk8\bin\java.exe
0x00007ff9ed850000 - 0x00007ff9eda3d000 	C:\Windows\SYSTEM32\ntdll.dll
0x00007ff9ed4c0000 - 0x00007ff9ed574000 	C:\Windows\System32\KERNEL32.DLL
0x00007ff9e9c40000 - 0x00007ff9e9ed4000 	C:\Windows\System32\KERNELBASE.dll
0x0000000055c30000 - 0x0000000055cd6000 	C:\Windows\System32\SYSFER.DLL
0x00007ff9ed030000 - 0x00007ff9ed0d4000 	C:\Windows\System32\ADVAPI32.dll
0x00007ff9eae10000 - 0x00007ff9eaeae000 	C:\Windows\System32\msvcrt.dll
0x00007ff9eb4e0000 - 0x00007ff9eb57e000 	C:\Windows\System32\sechost.dll
0x00007ff9ed700000 - 0x00007ff9ed81f000 	C:\Windows\System32\RPCRT4.dll
0x00007ff9ed300000 - 0x00007ff9ed497000 	C:\Windows\System32\USER32.dll
0x00007ff9e9f30000 - 0x00007ff9e9f50000 	C:\Windows\System32\win32u.dll
0x00007ff9ecdf0000 - 0x00007ff9ece19000 	C:\Windows\System32\GDI32.dll
0x00007ff9e98f0000 - 0x00007ff9e9a8c000 	C:\Windows\System32\gdi32full.dll
0x00007ff9e9ba0000 - 0x00007ff9e9c40000 	C:\Windows\System32\msvcp_win.dll
0x00007ff9ea150000 - 0x00007ff9ea24a000 	C:\Windows\System32\ucrtbase.dll
0x00007ff9c3310000 - 0x00007ff9c3589000 	C:\Windows\WinSxS\amd64_microsoft.windows.common-controls_6595b64144ccf1df_6.0.17763.2366_none_de735d0053496d5d\COMCTL32.dll
0x00007ff9eaae0000 - 0x00007ff9eae0d000 	C:\Windows\System32\combase.dll
0x00007ff9ea270000 - 0x00007ff9ea2f2000 	C:\Windows\System32\bcryptPrimitives.dll
0x00007ff9eccd0000 - 0x00007ff9eccfe000 	C:\Windows\System32\IMM32.DLL
0x0000000055200000 - 0x00000000552d2000 	D:\software\jdk8\jre\bin\msvcr100.dll
0x0000000054950000 - 0x00000000551f6000 	D:\software\jdk8\jre\bin\server\jvm.dll
0x00007ff9eccc0000 - 0x00007ff9eccc8000 	C:\Windows\System32\PSAPI.DLL
0x00007ff9dc340000 - 0x00007ff9dc349000 	C:\Windows\SYSTEM32\WSOCK32.dll
0x00007ff9ecd00000 - 0x00007ff9ecd6d000 	C:\Windows\System32\WS2_32.dll
0x00007ff9e6730000 - 0x00007ff9e6754000 	C:\Windows\SYSTEM32\WINMM.dll
0x00007ff9db6e0000 - 0x00007ff9db6ea000 	C:\Windows\SYSTEM32\VERSION.dll
0x00007ff9e6700000 - 0x00007ff9e672d000 	C:\Windows\SYSTEM32\WINMMBASE.dll
0x00007ff9e9ee0000 - 0x00007ff9e9f2a000 	C:\Windows\System32\cfgmgr32.dll
0x00007ff9e5b70000 - 0x00007ff9e5b7f000 	D:\software\jdk8\jre\bin\verify.dll
0x00007ff9dc480000 - 0x00007ff9dc4a9000 	D:\software\jdk8\jre\bin\java.dll
0x00007ff9aff20000 - 0x00007ff9aff43000 	D:\software\jdk8\jre\bin\instrument.dll
0x00007ff9dc460000 - 0x00007ff9dc476000 	D:\software\jdk8\jre\bin\zip.dll
0x00007ff9eb700000 - 0x00007ff9ecbf9000 	C:\Windows\System32\SHELL32.dll
0x00007ff9ecc00000 - 0x00007ff9ecca8000 	C:\Windows\System32\shcore.dll
0x00007ff9ea330000 - 0x00007ff9eaa7a000 	C:\Windows\System32\windows.storage.dll
0x00007ff9e9840000 - 0x00007ff9e9864000 	C:\Windows\System32\profapi.dll
0x00007ff9e9870000 - 0x00007ff9e98cd000 	C:\Windows\System32\powrprof.dll
0x00007ff9ed2a0000 - 0x00007ff9ed2f2000 	C:\Windows\System32\shlwapi.dll
0x00007ff9e98d0000 - 0x00007ff9e98e1000 	C:\Windows\System32\kernel.appcore.dll
0x00007ff9ea250000 - 0x00007ff9ea267000 	C:\Windows\System32\cryptsp.dll
0x00007ff9dbd80000 - 0x00007ff9dbd9a000 	C:\Users\leaf\AppData\Local\JetBrains\Toolbox\apps\IDEA-U\ch-0\213.6461.79\bin\breakgen64.dll
0x00007ff9db090000 - 0x00007ff9db0aa000 	D:\software\jdk8\jre\bin\net.dll
0x00007ff9e8fc0000 - 0x00007ff9e9027000 	C:\Windows\system32\mswsock.dll
0x00007ff9dcb30000 - 0x00007ff9dcb3e000 	D:\workspace\study\study\test-jni.dll
0x00007ff99bfb0000 - 0x00007ff99c1c1000 	C:\Windows\SYSTEM32\MSVCR120D.dll
0x00007ff9afe40000 - 0x00007ff9afe7e000 	D:\workspace\study\study\libmath.dll
0x00007ff9e8430000 - 0x00007ff9e861d000 	C:\Windows\SYSTEM32\dbghelp.dll

VM Arguments:
jvm_args: -javaagent:C:\Users\leaf\AppData\Local\JetBrains\Toolbox\apps\IDEA-U\ch-0\213.6461.79\lib\idea_rt.jar=28864:C:\Users\leaf\AppData\Local\JetBrains\Toolbox\apps\IDEA-U\ch-0\213.6461.79\bin -Dfile.encoding=UTF-8 
java_command: com.cx.jni.Test
java_class_path (initial): D:\software\jdk8\jre\lib\charsets.jar;D:\software\jdk8\jre\lib\deploy.jar;D:\software\jdk8\jre\lib\ext\access-bridge-64.jar;D:\software\jdk8\jre\lib\ext\cldrdata.jar;D:\software\jdk8\jre\lib\ext\dnsns.jar;D:\software\jdk8\jre\lib\ext\jaccess.jar;D:\software\jdk8\jre\lib\ext\jfxrt.jar;D:\software\jdk8\jre\lib\ext\localedata.jar;D:\software\jdk8\jre\lib\ext\nashorn.jar;D:\software\jdk8\jre\lib\ext\sunec.jar;D:\software\jdk8\jre\lib\ext\sunjce_provider.jar;D:\software\jdk8\jre\lib\ext\sunmscapi.jar;D:\software\jdk8\jre\lib\ext\sunpkcs11.jar;D:\software\jdk8\jre\lib\ext\zipfs.jar;D:\software\jdk8\jre\lib\javaws.jar;D:\software\jdk8\jre\lib\jce.jar;D:\software\jdk8\jre\lib\jfr.jar;D:\software\jdk8\jre\lib\jfxswt.jar;D:\software\jdk8\jre\lib\jsse.jar;D:\software\jdk8\jre\lib\management-agent.jar;D:\software\jdk8\jre\lib\plugin.jar;D:\software\jdk8\jre\lib\resources.jar;D:\software\jdk8\jre\lib\rt.jar;D:\workspace\study\study\target\classes;D:\software\apache-maven-3.8.1\repo1\junit\junit\4.13.2\junit-4.13.2.jar;D:\software\apache-maven-3.8.1\repo1\org\hamcrest\hamcrest-core\1.3\hamcrest-core-1.3.jar;D:\software\apache-maven-3.8.1\repo1\org\jetbrains\kotlin\kotlin-stdlib-jdk8\1.6.0\kotlin-stdlib-jdk8-1.6.0.jar;D:\software\apache-maven-3.8.1\repo1\org\jetbrains\kotlin\kotlin-stdlib\1.6.0\kotlin-stdlib-1.6.0.jar;D:\software\apache-maven-3.8.1\repo1\org\jetbrains\annotations\13.0\annotations-13.0.jar;D:\software\apache-maven-3.8.1\repo1\org\jetbrains\kotlin\kotlin-stdlib-common\1.6.0\kotlin-stdlib-common-1.6.0.jar;D:\software\apache-maven-3.8.1\repo1\org\jetbrains\kotlin\kotlin-stdlib-jdk7\1.6.0\kotlin-stdlib-jdk7-1.6.0.jar;C:\Users\leaf\AppData\Local\JetBrains\Toolbox\apps\IDEA-U\ch-0\213.6461.79\lib\idea_rt.jar
Launcher Type: SUN_STANDARD

Environment Variables:
JAVA_HOME=D:\software\jdk8
PATH=C:\Python39\Scripts\;C:\Python39\;C:\Windows\system32;C:\Windows;C:\Windows\System32\Wbem;C:\Windows\System32\WindowsPowerShell\v1.0\;C:\Windows\System32\OpenSSH\;D:\software\jdk8\bin;D:\software\jdk8\lib;D:\software\nodejs\;C:\ProgramData\chocolatey\bin;D:\software\apache-maven-3.8.1\bin;D:\software\Git\cmd;D:\software\tortoiseGit\bin;D:\software\OpenVPN\bin;C:\Program Files (x86)\Windows Kits\8.1\Windows Performance Toolkit\;C:\Program Files\Microsoft SQL Server\110\Tools\Binn\;D:\software\Go\bin;D:\software\lua5.3.5\dist\bin;C:\Users\leaf\AppData\Local\Microsoft\WindowsApps;D:\software\IDEA\bin;C:\Users\leaf\AppData\Roaming\npm;D:\software\Microsoft VS Code\bin;C:\Users\leaf\go\bin;D:\software\mingw\MinGW\bin
USERNAME=leaf
OS=Windows_NT
PROCESSOR_IDENTIFIER=Intel64 Family 6 Model 142 Stepping 12, GenuineIntel



---------------  S Y S T E M  ---------------

OS: Windows 10.0 , 64 bit Build 17763 (10.0.17763.2300)

CPU:total 8 (initial active 8) (4 cores per cpu, 2 threads per core) family 6 model 142 stepping 12, cmov, cx8, fxsr, mmx, sse, sse2, sse3, ssse3, sse4.1, sse4.2, popcnt, avx, avx2, aes, clmul, erms, 3dnowpref, lzcnt, ht, tsc, tscinvbit, bmi1, bmi2, adx

Memory: 4k page, physical 16557184k(912348k free), swap 26822208k(4006560k free)

vm_info: Java HotSpot(TM) 64-Bit Server VM (25.231-b11) for windows-amd64 JRE (1.8.0_231-b11), built on Oct  5 2019 03:11:30 by "java_re" with MS VC++ 10.0 (VS2010)

time: Sun Jan 16 23:15:28 2022
timezone: 中国标准时间
elapsed time: 0 seconds (0d 0h 0m 0s)

